<?xml version="1.0" encoding="UTF-8"?>
<testsuite xmlns:xsi="http://www.w3.org/2001/XMLSchema-instance" xsi:noNamespaceSchemaLocation="https://maven.apache.org/surefire/maven-surefire-plugin/xsd/surefire-test-report.xsd" name="iraws_group.AppTest" time="0.054" tests="1" errors="0" skipped="0" failures="0">
  <properties>
    <property name="java.specification.version" value="15"/>
    <property name="sun.cpu.isalist" value="amd64"/>
    <property name="sun.jnu.encoding" value="Cp1252"/>
    <property name="java.class.path" value="C:\Users\aaron\IRAWS_Assignment2\assignment2\target\test-classes;C:\Users\aaron\IRAWS_Assignment2\assignment2\target\classes;C:\Users\aaron\.m2\repository\junit\junit\4.11\junit-4.11.jar;C:\Users\aaron\.m2\repository\org\hamcrest\hamcrest-core\1.3\hamcrest-core-1.3.jar;C:\Users\aaron\.m2\repository\org\apache\lucene\lucene-core\8.7.0\lucene-core-8.7.0.jar;C:\Users\aaron\.m2\repository\org\apache\lucene\lucene-analyzers-common\8.7.0\lucene-analyzers-common-8.7.0.jar;C:\Users\aaron\.m2\repository\org\apache\lucene\lucene-queryparser\8.7.0\lucene-queryparser-8.7.0.jar;C:\Users\aaron\.m2\repository\org\apache\lucene\lucene-sandbox\8.7.0\lucene-sandbox-8.7.0.jar;C:\Users\aaron\.m2\repository\org\apache\lucene\lucene-queries\8.7.0\lucene-queries-8.7.0.jar;C:\Users\aaron\.m2\repository\org\apache\lucene\lucene-demo\8.7.0\lucene-demo-8.7.0.jar;C:\Users\aaron\.m2\repository\org\apache\lucene\lucene-expressions\8.7.0\lucene-expressions-8.7.0.jar;C:\Users\aaron\.m2\repository\org\apache\lucene\lucene-facet\8.7.0\lucene-facet-8.7.0.jar;C:\Users\aaron\.m2\repository\org\antlr\antlr4-runtime\4.5.1-1\antlr4-runtime-4.5.1-1.jar;C:\Users\aaron\.m2\repository\org\ow2\asm\asm\8.0.1\asm-8.0.1.jar;C:\Users\aaron\.m2\repository\org\ow2\asm\asm-commons\8.0.1\asm-commons-8.0.1.jar;C:\Users\aaron\.m2\repository\org\apache\lucene\lucene-codecs\8.7.0\lucene-codecs-8.7.0.jar;"/>
    <property name="java.vm.vendor" value="Oracle Corporation"/>
    <property name="sun.arch.data.model" value="64"/>
    <property name="user.variant" value=""/>
    <property name="java.vendor.url" value="https://java.oracle.com/"/>
    <property name="user.timezone" value="Europe/Dublin"/>
    <property name="os.name" value="Windows 10"/>
    <property name="java.vm.specification.version" value="15"/>
    <property name="sun.java.launcher" value="SUN_STANDARD"/>
    <property name="user.country" value="IE"/>
    <property name="sun.boot.library.path" value="C:\Program Files\Java\jdk-15.0.1\bin"/>
    <property name="sun.java.command" value="C:\Users\aaron\AppData\Local\Temp\surefire13611806368197830155\surefirebooter13011359711434467523.jar C:\Users\aaron\AppData\Local\Temp\surefire13611806368197830155 2020-12-03T18-09-17_067-jvmRun1 surefire14276137270253873536tmp surefire_04420997185204520783tmp"/>
    <property name="jdk.debug" value="release"/>
    <property name="surefire.test.class.path" value="C:\Users\aaron\IRAWS_Assignment2\assignment2\target\test-classes;C:\Users\aaron\IRAWS_Assignment2\assignment2\target\classes;C:\Users\aaron\.m2\repository\junit\junit\4.11\junit-4.11.jar;C:\Users\aaron\.m2\repository\org\hamcrest\hamcrest-core\1.3\hamcrest-core-1.3.jar;C:\Users\aaron\.m2\repository\org\apache\lucene\lucene-core\8.7.0\lucene-core-8.7.0.jar;C:\Users\aaron\.m2\repository\org\apache\lucene\lucene-analyzers-common\8.7.0\lucene-analyzers-common-8.7.0.jar;C:\Users\aaron\.m2\repository\org\apache\lucene\lucene-queryparser\8.7.0\lucene-queryparser-8.7.0.jar;C:\Users\aaron\.m2\repository\org\apache\lucene\lucene-sandbox\8.7.0\lucene-sandbox-8.7.0.jar;C:\Users\aaron\.m2\repository\org\apache\lucene\lucene-queries\8.7.0\lucene-queries-8.7.0.jar;C:\Users\aaron\.m2\repository\org\apache\lucene\lucene-demo\8.7.0\lucene-demo-8.7.0.jar;C:\Users\aaron\.m2\repository\org\apache\lucene\lucene-expressions\8.7.0\lucene-expressions-8.7.0.jar;C:\Users\aaron\.m2\repository\org\apache\lucene\lucene-facet\8.7.0\lucene-facet-8.7.0.jar;C:\Users\aaron\.m2\repository\org\antlr\antlr4-runtime\4.5.1-1\antlr4-runtime-4.5.1-1.jar;C:\Users\aaron\.m2\repository\org\ow2\asm\asm\8.0.1\asm-8.0.1.jar;C:\Users\aaron\.m2\repository\org\ow2\asm\asm-commons\8.0.1\asm-commons-8.0.1.jar;C:\Users\aaron\.m2\repository\org\apache\lucene\lucene-codecs\8.7.0\lucene-codecs-8.7.0.jar;"/>
    <property name="sun.cpu.endian" value="little"/>
    <property name="user.home" value="C:\Users\aaron"/>
    <property name="user.language" value="en"/>
    <property name="java.specification.vendor" value="Oracle Corporation"/>
    <property name="java.version.date" value="2020-10-20"/>
    <property name="java.home" value="C:\Program Files\Java\jdk-15.0.1"/>
    <property name="file.separator" value="\"/>
    <property name="basedir" value="C:\Users\aaron\IRAWS_Assignment2\assignment2"/>
    <property name="java.vm.compressedOopsMode" value="32-bit"/>
    <property name="line.separator" value="&#10;"/>
    <property name="java.vm.specification.vendor" value="Oracle Corporation"/>
    <property name="java.specification.name" value="Java Platform API Specification"/>
    <property name="surefire.real.class.path" value="C:\Users\aaron\AppData\Local\Temp\surefire13611806368197830155\surefirebooter13011359711434467523.jar"/>
    <property name="user.script" value=""/>
    <property name="sun.management.compiler" value="HotSpot 64-Bit Tiered Compilers"/>
    <property name="java.runtime.version" value="15.0.1+9-18"/>
    <property name="user.name" value="aaron"/>
    <property name="path.separator" value=";"/>
    <property name="os.version" value="10.0"/>
    <property name="java.runtime.name" value="Java(TM) SE Runtime Environment"/>
    <property name="file.encoding" value="Cp1252"/>
    <property name="java.vm.name" value="Java HotSpot(TM) 64-Bit Server VM"/>
    <property name="localRepository" value="C:\Users\aaron\.m2\repository"/>
    <property name="java.vendor.url.bug" value="https://bugreport.java.com/bugreport/"/>
    <property name="java.io.tmpdir" value="C:\Users\aaron\AppData\Local\Temp\"/>
    <property name="java.version" value="15.0.1"/>
    <property name="user.dir" value="C:\Users\aaron\IRAWS_Assignment2\assignment2"/>
    <property name="os.arch" value="amd64"/>
    <property name="java.vm.specification.name" value="Java Virtual Machine Specification"/>
    <property name="sun.os.patch.level" value=""/>
    <property name="java.library.path" value="C:\Program Files\Java\jdk-15.0.1\bin;C:\Windows\Sun\Java\bin;C:\Windows\system32;C:\Windows;C:\Program Files (x86)\Common Files\Oracle\Java\javapath;C:\Windows\system32;C:\Windows;C:\Windows\System32\Wbem;C:\Windows\System32\WindowsPowerShell\v1.0\;C:\Windows\System32\OpenSSH\;C:\Program Files\dotnet\;C:\Program Files\CMake\bin;C:\Program Files\PuTTY\;C:\Program Files\Git\cmd;C:\Users\aaron\AppData\Local\Microsoft\WindowsApps;C:\Users\aaron\AppData\Local\atom\bin;C:\Users\aaron\.dotnet\tools;C:\Users\aaron\AppData\Local\GitHubDesktop\bin;C:\Program Files\JetBrains\PyCharm Community Edition 2020.2.3\bin;;C:\Program Files\Java\jdk-15.0.1\bin;C:\Users\aaron\Downloads\apache-maven-3.6.3-bin\apache-maven-3.6.3\bin;;."/>
    <property name="java.vm.info" value="mixed mode, sharing"/>
    <property name="java.vendor" value="Oracle Corporation"/>
    <property name="java.vm.version" value="15.0.1+9-18"/>
    <property name="sun.io.unicode.encoding" value="UnicodeLittle"/>
    <property name="java.class.version" value="59.0"/>
  </properties>
  <testcase name="shouldAnswerWithTrue" classname="iraws_group.AppTest" time="0.002"/>
</testsuite>