<?xml version="1.0" encoding="UTF-8"?>
<testsuite xmlns:xsi="http://www.w3.org/2001/XMLSchema-instance" xsi:noNamespaceSchemaLocation="https://maven.apache.org/surefire/maven-surefire-plugin/xsd/surefire-test-report.xsd" name="iraws_group.AppTest" time="0.002" tests="0" errors="0" skipped="0" failures="0">
  <properties>
    <property name="java.specification.version" value="15"/>
    <property name="sun.jnu.encoding" value="UTF-8"/>
    <property name="java.class.path" value="/Users/adamteehan/Desktop/IRAWS_Assignment2/assignment2/target/test-classes:/Users/adamteehan/Desktop/IRAWS_Assignment2/assignment2/target/classes:/Users/adamteehan/.m2/repository/junit/junit/3.8.1/junit-3.8.1.jar:/Users/adamteehan/.m2/repository/org/apache/lucene/lucene-core/8.7.0/lucene-core-8.7.0.jar:/Users/adamteehan/.m2/repository/org/apache/lucene/lucene-analyzers-common/8.7.0/lucene-analyzers-common-8.7.0.jar:/Users/adamteehan/.m2/repository/org/apache/lucene/lucene-queryparser/8.7.0/lucene-queryparser-8.7.0.jar:/Users/adamteehan/.m2/repository/org/apache/lucene/lucene-queries/8.7.0/lucene-queries-8.7.0.jar:/Users/adamteehan/.m2/repository/org/apache/lucene/lucene-sandbox/8.7.0/lucene-sandbox-8.7.0.jar:"/>
    <property name="java.vm.vendor" value="Oracle Corporation"/>
    <property name="sun.arch.data.model" value="64"/>
    <property name="java.vendor.url" value="https://openjdk.java.net/"/>
    <property name="os.name" value="Mac OS X"/>
    <property name="java.vm.specification.version" value="15"/>
    <property name="sun.java.launcher" value="SUN_STANDARD"/>
    <property name="user.country" value="GB"/>
    <property name="sun.boot.library.path" value="/usr/local/Cellar/openjdk/15.0.1/libexec/openjdk.jdk/Contents/Home/lib"/>
    <property name="sun.java.command" value="/Users/adamteehan/Desktop/IRAWS_Assignment2/assignment2/target/surefire/surefirebooter10080237012451309096.jar /Users/adamteehan/Desktop/IRAWS_Assignment2/assignment2/target/surefire 2020-12-14T23-32-45_910-jvmRun1 surefire12821548177743644752tmp surefire_08196662689010715881tmp"/>
    <property name="http.nonProxyHosts" value="local|*.local|169.254/16|*.169.254/16"/>
    <property name="jdk.debug" value="release"/>
    <property name="surefire.test.class.path" value="/Users/adamteehan/Desktop/IRAWS_Assignment2/assignment2/target/test-classes:/Users/adamteehan/Desktop/IRAWS_Assignment2/assignment2/target/classes:/Users/adamteehan/.m2/repository/junit/junit/3.8.1/junit-3.8.1.jar:/Users/adamteehan/.m2/repository/org/apache/lucene/lucene-core/8.7.0/lucene-core-8.7.0.jar:/Users/adamteehan/.m2/repository/org/apache/lucene/lucene-analyzers-common/8.7.0/lucene-analyzers-common-8.7.0.jar:/Users/adamteehan/.m2/repository/org/apache/lucene/lucene-queryparser/8.7.0/lucene-queryparser-8.7.0.jar:/Users/adamteehan/.m2/repository/org/apache/lucene/lucene-queries/8.7.0/lucene-queries-8.7.0.jar:/Users/adamteehan/.m2/repository/org/apache/lucene/lucene-sandbox/8.7.0/lucene-sandbox-8.7.0.jar:"/>
    <property name="sun.cpu.endian" value="little"/>
    <property name="user.home" value="/Users/adamteehan"/>
    <property name="user.language" value="en"/>
    <property name="java.specification.vendor" value="Oracle Corporation"/>
    <property name="java.version.date" value="2020-10-20"/>
    <property name="java.home" value="/usr/local/Cellar/openjdk/15.0.1/libexec/openjdk.jdk/Contents/Home"/>
    <property name="file.separator" value="/"/>
    <property name="basedir" value="/Users/adamteehan/Desktop/IRAWS_Assignment2/assignment2"/>
    <property name="java.vm.compressedOopsMode" value="Zero based"/>
    <property name="line.separator" value="&#10;"/>
    <property name="java.specification.name" value="Java Platform API Specification"/>
    <property name="java.vm.specification.vendor" value="Oracle Corporation"/>
    <property name="surefire.real.class.path" value="/Users/adamteehan/Desktop/IRAWS_Assignment2/assignment2/target/surefire/surefirebooter10080237012451309096.jar"/>
    <property name="sun.management.compiler" value="HotSpot 64-Bit Tiered Compilers"/>
    <property name="ftp.nonProxyHosts" value="local|*.local|169.254/16|*.169.254/16"/>
    <property name="java.runtime.version" value="15.0.1+9"/>
    <property name="user.name" value="adamteehan"/>
    <property name="path.separator" value=":"/>
    <property name="os.version" value="10.16"/>
    <property name="java.runtime.name" value="OpenJDK Runtime Environment"/>
    <property name="file.encoding" value="UTF-8"/>
    <property name="java.vm.name" value="OpenJDK 64-Bit Server VM"/>
    <property name="localRepository" value="/Users/adamteehan/.m2/repository"/>
    <property name="java.vendor.url.bug" value="https://bugreport.java.com/bugreport/"/>
    <property name="java.io.tmpdir" value="/var/folders/6n/6j99y5vn71q0bfr6ljzmn47m0000gn/T/"/>
    <property name="java.version" value="15.0.1"/>
    <property name="user.dir" value="/Users/adamteehan/Desktop/IRAWS_Assignment2/assignment2"/>
    <property name="os.arch" value="x86_64"/>
    <property name="java.vm.specification.name" value="Java Virtual Machine Specification"/>
    <property name="java.library.path" value="/Users/adamteehan/Library/Java/Extensions:/Library/Java/Extensions:/Network/Library/Java/Extensions:/System/Library/Java/Extensions:/usr/lib/java:."/>
    <property name="java.vm.info" value="mixed mode, sharing"/>
    <property name="java.vendor" value="N/A"/>
    <property name="java.vm.version" value="15.0.1+9"/>
    <property name="sun.io.unicode.encoding" value="UnicodeBig"/>
    <property name="socksNonProxyHosts" value="local|*.local|169.254/16|*.169.254/16"/>
    <property name="java.class.version" value="59.0"/>
  </properties>
</testsuite>